<?xml version="1.0" encoding="utf-8" standalone="no"?>
<test-results xmlns:xsi="http://www.w3.org/2001/XMLSchema-instance" xsi:noNamespaceSchemaLocation="nunit_schema_2.5.xsd" name="Pester" total="458" errors="0" failures="0" not-run="10" inconclusive="0" ignored="0" skipped="3" invalid="0" date="2023-10-29" time="16:29:39">
  <environment clr-version="4.0.30319.42000" user-domain="BATTLESTATION" cwd="C:\Celerium\Projects\_API\MyITProcess-PowerShellWrapper" platform="Microsoft Windows 11 Pro|C:\WINDOWS|\Device\Harddisk0\Partition3" machine-name="BATTLESTATION" nunit-version="2.5.8.0" os-version="10.0.22621" user="David" />
  <culture-info current-culture="en-US" current-uiculture="en-US" />
  <test-suite type="TestFixture" name="Pester" executed="True" result="Ignored" success="True" time="9.1906" asserts="0" description="Pester">
    <results>
      <test-suite type="TestFixture" name="C:\Celerium\Projects\_API\MyITProcess-PowerShellWrapper\tests\HelpComment.Tests.ps1" executed="True" result="Ignored" success="True" time="2.2158" asserts="0" description="C:\Celerium\Projects\_API\MyITProcess-PowerShellWrapper\tests\HelpComment.Tests.ps1">
        <results>
          <test-suite type="TestFixture" name="Testing the [ built ] version of [ MyITProcessAPI ] with [ HelpComment.Tests.ps1 ]" executed="True" result="Ignored" success="True" time="0.8743" asserts="0" description="Testing the [ built ] version of [ MyITProcessAPI ] with [ HelpComment.Tests.ps1 ]">
            <results>
              <test-suite type="TestFixture" name="Testing the [ built ] version of [ MyITProcessAPI ] with [ HelpComment.Tests.ps1 ].[ MyITProcessAPI ] module help tests" executed="True" result="Success" success="True" time="0.0411" asserts="0" description="Testing the [ built ] version of [ MyITProcessAPI ] with [ HelpComment.Tests.ps1 ].[ MyITProcessAPI ] module help tests">
                <results>
                  <test-suite type="TestFixture" name="Testing the [ built ] version of [ MyITProcessAPI ] with [ HelpComment.Tests.ps1 ].[ MyITProcessAPI ] module help tests.[ Add-MyITProcessAPIKey ]" executed="True" result="Success" success="True" time="0.0375" asserts="0" description="Testing the [ built ] version of [ MyITProcessAPI ] with [ HelpComment.Tests.ps1 ].[ MyITProcessAPI ] module help tests.[ Add-MyITProcessAPIKey ]">
                    <results>
                      <test-case description="[ Add-MyITProcessAPIKey ] contains comment based help" name="Testing the [ built ] version of [ MyITProcessAPI ] with [ HelpComment.Tests.ps1 ].[ MyITProcessAPI ] module help tests.[ Add-MyITProcessAPIKey ].[ Add-MyITProcessAPIKey ] contains comment based help" time="0.0028" asserts="0" success="True" result="Success" executed="True" />
                      <test-case description="[ Add-MyITProcessAPIKey ] contains a synopsis" name="Testing the [ built ] version of [ MyITProcessAPI ] with [ HelpComment.Tests.ps1 ].[ MyITProcessAPI ] module help tests.[ Add-MyITProcessAPIKey ].[ Add-MyITProcessAPIKey ] contains a synopsis" time="0.0024" asserts="0" success="True" result="Success" executed="True" />
                      <test-case description="[ Add-MyITProcessAPIKey ] contains a description" name="Testing the [ built ] version of [ MyITProcessAPI ] with [ HelpComment.Tests.ps1 ].[ MyITProcessAPI ] module help tests.[ Add-MyITProcessAPIKey ].[ Add-MyITProcessAPIKey ] contains a description" time="0.0031" asserts="0" success="True" result="Success" executed="True" />
                      <test-case description="[ Add-MyITProcessAPIKey ] contains at least one usage example" name="Testing the [ built ] version of [ MyITProcessAPI ] with [ HelpComment.Tests.ps1 ].[ MyITProcessAPI ] module help tests.[ Add-MyITProcessAPIKey ].[ Add-MyITProcessAPIKey ] contains at least one usage example" time="0.0037" asserts="0" success="True" result="Success" executed="True" />
                      <test-case description="[ Add-MyITProcessAPIKey ] contains a note" name="Testing the [ built ] version of [ MyITProcessAPI ] with [ HelpComment.Tests.ps1 ].[ MyITProcessAPI ] module help tests.[ Add-MyITProcessAPIKey ].[ Add-MyITProcessAPIKey ] contains a note" time="0.0021" asserts="0" success="True" result="Success" executed="True" />
                      <test-case description="[ Add-MyITProcessAPIKey ] contains a link" name="Testing the [ built ] version of [ MyITProcessAPI ] with [ HelpComment.Tests.ps1 ].[ MyITProcessAPI ] module help tests.[ Add-MyITProcessAPIKey ].[ Add-MyITProcessAPIKey ] contains a link" time="0.0021" asserts="0" success="True" result="Success" executed="True" />
                      <test-suite type="ParameterizedTest" name="Testing the [ built ] version of [ MyITProcessAPI ] with [ HelpComment.Tests.ps1 ].[ MyITProcessAPI ] module help tests.[ Add-MyITProcessAPIKey ].[ Add-MyITProcessAPIKey ] - Parameter has a description - [ &lt;_.name&gt; ]" executed="True" result="Success" success="True" time="0.0023" asserts="0" description="[ Add-MyITProcessAPIKey ] - Parameter has a description - [ &lt;_.name&gt; ]">
                        <results>
                          <test-case description="[ Add-MyITProcessAPIKey ] - Parameter has a description - [ Api_Key ]" name="Testing the [ built ] version of [ MyITProcessAPI ] with [ HelpComment.Tests.ps1 ].[ MyITProcessAPI ] module help tests.[ Add-MyITProcessAPIKey ].[ Add-MyITProcessAPIKey ] - Parameter has a description - [ Api_Key ]" time="0.0023" asserts="0" success="True" result="Success" executed="True" />
                        </results>
                      </test-suite>
                      <test-suite type="ParameterizedTest" name="Testing the [ built ] version of [ MyITProcessAPI ] with [ HelpComment.Tests.ps1 ].[ MyITProcessAPI ] module help tests.[ Add-MyITProcessAPIKey ].[ Add-MyITProcessAPIKey ] - Example has example code &amp; description   - [ &lt;_.title -replace '-'.''&gt; ]" executed="True" result="Success" success="True" time="0.0114" asserts="0" description="[ Add-MyITProcessAPIKey ] - Example has example code &amp; description   - [ &lt;_.title -replace '-'.''&gt; ]">
                        <results>
                          <test-case description="[ Add-MyITProcessAPIKey ] - Example has example code &amp; description   - [  EXAMPLE 1  ]" name="Testing the [ built ] version of [ MyITProcessAPI ] with [ HelpComment.Tests.ps1 ].[ MyITProcessAPI ] module help tests.[ Add-MyITProcessAPIKey ].[ Add-MyITProcessAPIKey ] - Example has example code &amp; description   - [  EXAMPLE 1  ]" time="0.0027" asserts="0" success="True" result="Success" executed="True" />
                          <test-case description="[ Add-MyITProcessAPIKey ] - Example has example code &amp; description   - [  EXAMPLE 2  ]" name="Testing the [ built ] version of [ MyITProcessAPI ] with [ HelpComment.Tests.ps1 ].[ MyITProcessAPI ] module help tests.[ Add-MyITProcessAPIKey ].[ Add-MyITProcessAPIKey ] - Example has example code &amp; description   - [  EXAMPLE 2  ]" time="0.0026" asserts="0" success="True" result="Success" executed="True" />
                          <test-case description="[ Add-MyITProcessAPIKey ] - Example has example code &amp; description   - [  EXAMPLE 3  ]" name="Testing the [ built ] version of [ MyITProcessAPI ] with [ HelpComment.Tests.ps1 ].[ MyITProcessAPI ] module help tests.[ Add-MyITProcessAPIKey ].[ Add-MyITProcessAPIKey ] - Example has example code &amp; description   - [  EXAMPLE 3  ]" time="0.0061" asserts="0" success="True" result="Success" executed="True" />
                        </results>
                      </test-suite>
                    </results>
                  </test-suite>
                </results>
              </test-suite>
              <test-suite type="TestFixture" name="Testing the [ built ] version of [ MyITProcessAPI ] with [ HelpComment.Tests.ps1 ].[ MyITProcessAPI ] module help tests" executed="True" result="Success" success="True" time="0.0842" asserts="0" description="Testing the [ built ] version of [ MyITProcessAPI ] with [ HelpComment.Tests.ps1 ].[ MyITProcessAPI ] module help tests">
                <results>
                  <test-suite type="TestFixture" name="Testing the [ built ] version of [ MyITProcessAPI ] with [ HelpComment.Tests.ps1 ].[ MyITProcessAPI ] module help tests.[ Add-MyITProcessBaseURI ]" executed="True" result="Success" success="True" time="0.0396" asserts="0" description="Testing the [ built ] version of [ MyITProcessAPI ] with [ HelpComment.Tests.ps1 ].[ MyITProcessAPI ] module help tests.[ Add-MyITProcessBaseURI ]">
                    <results>
                      <test-case description="[ Add-MyITProcessBaseURI ] contains comment based help" name="Testing the [ built ] version of [ MyITProcessAPI ] with [ HelpComment.Tests.ps1 ].[ MyITProcessAPI ] module help tests.[ Add-MyITProcessBaseURI ].[ Add-MyITProcessBaseURI ] contains comment based help" time="0.0023" asserts="0" success="True" result="Success" executed="True" />
                      <test-case description="[ Add-MyITProcessBaseURI ] contains a synopsis" name="Testing the [ built ] version of [ MyITProcessAPI ] with [ HelpComment.Tests.ps1 ].[ MyITProcessAPI ] module help tests.[ Add-MyITProcessBaseURI ].[ Add-MyITProcessBaseURI ] contains a synopsis" time="0.002" asserts="0" success="True" result="Success" executed="True" />
                      <test-case description="[ Add-MyITProcessBaseURI ] contains a description" name="Testing the [ built ] version of [ MyITProcessAPI ] with [ HelpComment.Tests.ps1 ].[ MyITProcessAPI ] module help tests.[ Add-MyITProcessBaseURI ].[ Add-MyITProcessBaseURI ] contains a description" time="0.002" asserts="0" success="True" result="Success" executed="True" />
                      <test-case description="[ Add-MyITProcessBaseURI ] contains at least one usage example" name="Testing the [ built ] version of [ MyITProcessAPI ] with [ HelpComment.Tests.ps1 ].[ MyITProcessAPI ] module help tests.[ Add-MyITProcessBaseURI ].[ Add-MyITProcessBaseURI ] contains at least one usage example" time="0.0026" asserts="0" success="True" result="Success" executed="True" />
                      <test-case description="[ Add-MyITProcessBaseURI ] contains a note" name="Testing the [ built ] version of [ MyITProcessAPI ] with [ HelpComment.Tests.ps1 ].[ MyITProcessAPI ] module help tests.[ Add-MyITProcessBaseURI ].[ Add-MyITProcessBaseURI ] contains a note" time="0.002" asserts="0" success="True" result="Success" executed="True" />
                      <test-case description="[ Add-MyITProcessBaseURI ] contains a link" name="Testing the [ built ] version of [ MyITProcessAPI ] with [ HelpComment.Tests.ps1 ].[ MyITProcessAPI ] module help tests.[ Add-MyITProcessBaseURI ].[ Add-MyITProcessBaseURI ] contains a link" time="0.002" asserts="0" success="True" result="Success" executed="True" />
                      <test-suite type="ParameterizedTest" name="Testing the [ built ] version of [ MyITProcessAPI ] with [ HelpComment.Tests.ps1 ].[ MyITProcessAPI ] module help tests.[ Add-MyITProcessBaseURI ].[ Add-MyITProcessBaseURI ] - Parameter has a description - [ &lt;_.name&gt; ]" executed="True" result="Success" success="True" time="0.0043" asserts="0" description="[ Add-MyITProcessBaseURI ] - Parameter has a description - [ &lt;_.name&gt; ]">
                        <results>
                          <test-case description="[ Add-MyITProcessBaseURI ] - Parameter has a description - [ base_uri ]" name="Testing the [ built ] version of [ MyITProcessAPI ] with [ HelpComment.Tests.ps1 ].[ MyITProcessAPI ] module help tests.[ Add-MyITProcessBaseURI ].[ Add-MyITProcessBaseURI ] - Parameter has a description - [ base_uri ]" time="0.0021" asserts="0" success="True" result="Success" executed="True" />
                          <test-case description="[ Add-MyITProcessBaseURI ] - Parameter has a description - [ data_center ]" name="Testing the [ built ] version of [ MyITProcessAPI ] with [ HelpComment.Tests.ps1 ].[ MyITProcessAPI ] module help tests.[ Add-MyITProcessBaseURI ].[ Add-MyITProcessBaseURI ] - Parameter has a description - [ data_center ]" time="0.0022" asserts="0" success="True" result="Success" executed="True" />
                        </results>
                      </test-suite>
                      <test-suite type="ParameterizedTest" name="Testing the [ built ] version of [ MyITProcessAPI ] with [ HelpComment.Tests.ps1 ].[ MyITProcessAPI ] module help tests.[ Add-MyITProcessBaseURI ].[ Add-MyITProcessBaseURI ] - Example has example code &amp; description   - [ &lt;_.title -replace '-'.''&gt; ]" executed="True" result="Success" success="True" time="0.0177" asserts="0" description="[ Add-MyITProcessBaseURI ] - Example has example code &amp; description   - [ &lt;_.title -replace '-'.''&gt; ]">
                        <results>
                          <test-case description="[ Add-MyITProcessBaseURI ] - Example has example code &amp; description   - [  EXAMPLE 1  ]" name="Testing the [ built ] version of [ MyITProcessAPI ] with [ HelpComment.Tests.ps1 ].[ MyITProcessAPI ] module help tests.[ Add-MyITProcessBaseURI ].[ Add-MyITProcessBaseURI ] - Example has example code &amp; description   - [  EXAMPLE 1  ]" time="0.0026" asserts="0" success="True" result="Success" executed="True" />
                          <test-case description="[ Add-MyITProcessBaseURI ] - Example has example code &amp; description   - [  EXAMPLE 2  ]" name="Testing the [ built ] version of [ MyITProcessAPI ] with [ HelpComment.Tests.ps1 ].[ MyITProcessAPI ] module help tests.[ Add-MyITProcessBaseURI ].[ Add-MyITProcessBaseURI ] - Example has example code &amp; description   - [  EXAMPLE 2  ]" time="0.012" asserts="0" success="True" result="Success" executed="True" />
                          <test-case description="[ Add-MyITProcessBaseURI ] - Example has example code &amp; description   - [  EXAMPLE 3  ]" name="Testing the [ built ] version of [ MyITProcessAPI ] with [ HelpComment.Tests.ps1 ].[ MyITProcessAPI ] module help tests.[ Add-MyITProcessBaseURI ].[ Add-MyITProcessBaseURI ] - Example has example code &amp; description   - [  EXAMPLE 3  ]" time="0.003" asserts="0" success="True" result="Success" executed="True" />
                        </results>
                      </test-suite>
                    </results>
                  </test-suite>
                </results>
              </test-suite>
              <test-suite type="TestFixture" name="Testing the [ built ] version of [ MyITProcessAPI ] with [ HelpComment.Tests.ps1 ].[ MyITProcessAPI ] module help tests" executed="True" result="Success" success="True" time="0.1157" asserts="0" description="Testing the [ built ] version of [ MyITProcessAPI ] with [ HelpComment.Tests.ps1 ].[ MyITProcessAPI ] module help tests">
                <results>
                  <test-suite type="TestFixture" name="Testing the [ built ] version of [ MyITProcessAPI ] with [ HelpComment.Tests.ps1 ].[ MyITProcessAPI ] module help tests.[ ConvertTo-MyITProcessQueryString ]" executed="True" result="Success" success="True" time="0.0281" asserts="0" description="Testing the [ built ] version of [ MyITProcessAPI ] with [ HelpComment.Tests.ps1 ].[ MyITProcessAPI ] module help tests.[ ConvertTo-MyITProcessQueryString ]">
                    <results>
                      <test-case description="[ ConvertTo-MyITProcessQueryString ] contains comment based help" name="Testing the [ built ] version of [ MyITProcessAPI ] with [ HelpComment.Tests.ps1 ].[ MyITProcessAPI ] module help tests.[ ConvertTo-MyITProcessQueryString ].[ ConvertTo-MyITProcessQueryString ] contains comment based help" time="0.0024" asserts="0" success="True" result="Success" executed="True" />
                      <test-case description="[ ConvertTo-MyITProcessQueryString ] contains a synopsis" name="Testing the [ built ] version of [ MyITProcessAPI ] with [ HelpComment.Tests.ps1 ].[ MyITProcessAPI ] module help tests.[ ConvertTo-MyITProcessQueryString ].[ ConvertTo-MyITProcessQueryString ] contains a synopsis" time="0.0021" asserts="0" success="True" result="Success" executed="True" />
                      <test-case description="[ ConvertTo-MyITProcessQueryString ] contains a description" name="Testing the [ built ] version of [ MyITProcessAPI ] with [ HelpComment.Tests.ps1 ].[ MyITProcessAPI ] module help tests.[ ConvertTo-MyITProcessQueryString ].[ ConvertTo-MyITProcessQueryString ] contains a description" time="0.002" asserts="0" success="True" result="Success" executed="True" />
                      <test-case description="[ ConvertTo-MyITProcessQueryString ] contains at least one usage example" name="Testing the [ built ] version of [ MyITProcessAPI ] with [ HelpComment.Tests.ps1 ].[ MyITProcessAPI ] module help tests.[ ConvertTo-MyITProcessQueryString ].[ ConvertTo-MyITProcessQueryString ] contains at least one usage example" time="0.0026" asserts="0" success="True" result="Success" executed="True" />
                      <test-case description="[ ConvertTo-MyITProcessQueryString ] contains a note" name="Testing the [ built ] version of [ MyITProcessAPI ] with [ HelpComment.Tests.ps1 ].[ MyITProcessAPI ] module help tests.[ ConvertTo-MyITProcessQueryString ].[ ConvertTo-MyITProcessQueryString ] contains a note" time="0.002" asserts="0" success="True" result="Success" executed="True" />
                      <test-case description="[ ConvertTo-MyITProcessQueryString ] contains a link" name="Testing the [ built ] version of [ MyITProcessAPI ] with [ HelpComment.Tests.ps1 ].[ MyITProcessAPI ] module help tests.[ ConvertTo-MyITProcessQueryString ].[ ConvertTo-MyITProcessQueryString ] contains a link" time="0.002" asserts="0" success="True" result="Success" executed="True" />
                      <test-suite type="ParameterizedTest" name="Testing the [ built ] version of [ MyITProcessAPI ] with [ HelpComment.Tests.ps1 ].[ MyITProcessAPI ] module help tests.[ ConvertTo-MyITProcessQueryString ].[ ConvertTo-MyITProcessQueryString ] - Parameter has a description - [ &lt;_.name&gt; ]" executed="True" result="Success" success="True" time="0.0079" asserts="0" description="[ ConvertTo-MyITProcessQueryString ] - Parameter has a description - [ &lt;_.name&gt; ]">
                        <results>
                          <test-case description="[ ConvertTo-MyITProcessQueryString ] - Parameter has a description - [ uri_Filter ]" name="Testing the [ built ] version of [ MyITProcessAPI ] with [ HelpComment.Tests.ps1 ].[ MyITProcessAPI ] module help tests.[ ConvertTo-MyITProcessQueryString ].[ ConvertTo-MyITProcessQueryString ] - Parameter has a description - [ uri_Filter ]" time="0.0058" asserts="0" success="True" result="Success" executed="True" />
                          <test-case description="[ ConvertTo-MyITProcessQueryString ] - Parameter has a description - [ resource_Uri ]" name="Testing the [ built ] version of [ MyITProcessAPI ] with [ HelpComment.Tests.ps1 ].[ MyITProcessAPI ] module help tests.[ ConvertTo-MyITProcessQueryString ].[ ConvertTo-MyITProcessQueryString ] - Parameter has a description - [ resource_Uri ]" time="0.0022" asserts="0" success="True" result="Success" executed="True" />
                        </results>
                      </test-suite>
                      <test-suite type="ParameterizedTest" name="Testing the [ built ] version of [ MyITProcessAPI ] with [ HelpComment.Tests.ps1 ].[ MyITProcessAPI ] module help tests.[ ConvertTo-MyITProcessQueryString ].[ ConvertTo-MyITProcessQueryString ] - Example has example code &amp; description   - [ &lt;_.title -replace '-'.''&gt; ]" executed="True" result="Success" success="True" time="0.0027" asserts="0" description="[ ConvertTo-MyITProcessQueryString ] - Example has example code &amp; description   - [ &lt;_.title -replace '-'.''&gt; ]">
                        <results>
                          <test-case description="[ ConvertTo-MyITProcessQueryString ] - Example has example code &amp; description   - [  EXAMPLE 1  ]" name="Testing the [ built ] version of [ MyITProcessAPI ] with [ HelpComment.Tests.ps1 ].[ MyITProcessAPI ] module help tests.[ ConvertTo-MyITProcessQueryString ].[ ConvertTo-MyITProcessQueryString ] - Example has example code &amp; description   - [  EXAMPLE 1  ]" time="0.0027" asserts="0" success="True" result="Success" executed="True" />
                        </results>
                      </test-suite>
                    </results>
                  </test-suite>
                </results>
              </test-suite>
              <test-suite type="TestFixture" name="Testing the [ built ] version of [ MyITProcessAPI ] with [ HelpComment.Tests.ps1 ].[ MyITProcessAPI ] module help tests" executed="True" result="Success" success="True" time="0.1494" asserts="0" description="Testing the [ built ] version of [ MyITProcessAPI ] with [ HelpComment.Tests.ps1 ].[ MyITProcessAPI ] module help tests">
                <results>
                  <test-suite type="TestFixture" name="Testing the [ built ] version of [ MyITProcessAPI ] with [ HelpComment.Tests.ps1 ].[ MyITProcessAPI ] module help tests.[ Export-MyITProcessModuleSettings ]" executed="True" result="Success" success="True" time="0.0303" asserts="0" description="Testing the [ built ] version of [ MyITProcessAPI ] with [ HelpComment.Tests.ps1 ].[ MyITProcessAPI ] module help tests.[ Export-MyITProcessModuleSettings ]">
                    <results>
                      <test-case description="[ Export-MyITProcessModuleSettings ] contains comment based help" name="Testing the [ built ] version of [ MyITProcessAPI ] with [ HelpComment.Tests.ps1 ].[ MyITProcessAPI ] module help tests.[ Export-MyITProcessModuleSettings ].[ Export-MyITProcessModuleSettings ] contains comment based help" time="0.0022" asserts="0" success="True" result="Success" executed="True" />
                      <test-case description="[ Export-MyITProcessModuleSettings ] contains a synopsis" name="Testing the [ built ] version of [ MyITProcessAPI ] with [ HelpComment.Tests.ps1 ].[ MyITProcessAPI ] module help tests.[ Export-MyITProcessModuleSettings ].[ Export-MyITProcessModuleSettings ] contains a synopsis" time="0.002" asserts="0" success="True" result="Success" executed="True" />
                      <test-case description="[ Export-MyITProcessModuleSettings ] contains a description" name="Testing the [ built ] version of [ MyITProcessAPI ] with [ HelpComment.Tests.ps1 ].[ MyITProcessAPI ] module help tests.[ Export-MyITProcessModuleSettings ].[ Export-MyITProcessModuleSettings ] contains a description" time="0.002" asserts="0" success="True" result="Success" executed="True" />
                      <test-case description="[ Export-MyITProcessModuleSettings ] contains at least one usage example" name="Testing the [ built ] version of [ MyITProcessAPI ] with [ HelpComment.Tests.ps1 ].[ MyITProcessAPI ] module help tests.[ Export-MyITProcessModuleSettings ].[ Export-MyITProcessModuleSettings ] contains at least one usage example" time="0.0025" asserts="0" success="True" result="Success" executed="True" />
                      <test-case description="[ Export-MyITProcessModuleSettings ] contains a note" name="Testing the [ built ] version of [ MyITProcessAPI ] with [ HelpComment.Tests.ps1 ].[ MyITProcessAPI ] module help tests.[ Export-MyITProcessModuleSettings ].[ Export-MyITProcessModuleSettings ] contains a note" time="0.0053" asserts="0" success="True" result="Success" executed="True" />
                      <test-case description="[ Export-MyITProcessModuleSettings ] contains a link" name="Testing the [ built ] version of [ MyITProcessAPI ] with [ HelpComment.Tests.ps1 ].[ MyITProcessAPI ] module help tests.[ Export-MyITProcessModuleSettings ].[ Export-MyITProcessModuleSettings ] contains a link" time="0.0021" asserts="0" success="True" result="Success" executed="True" />
                      <test-suite type="ParameterizedTest" name="Testing the [ built ] version of [ MyITProcessAPI ] with [ HelpComment.Tests.ps1 ].[ MyITProcessAPI ] module help tests.[ Export-MyITProcessModuleSettings ].[ Export-MyITProcessModuleSettings ] - Parameter has a description - [ &lt;_.name&gt; ]" executed="True" result="Success" success="True" time="0.0044" asserts="0" description="[ Export-MyITProcessModuleSettings ] - Parameter has a description - [ &lt;_.name&gt; ]">
                        <results>
                          <test-case description="[ Export-MyITProcessModuleSettings ] - Parameter has a description - [ MyITProcessConfPath ]" name="Testing the [ built ] version of [ MyITProcessAPI ] with [ HelpComment.Tests.ps1 ].[ MyITProcessAPI ] module help tests.[ Export-MyITProcessModuleSettings ].[ Export-MyITProcessModuleSettings ] - Parameter has a description - [ MyITProcessConfPath ]" time="0.0022" asserts="0" success="True" result="Success" executed="True" />
                          <test-case description="[ Export-MyITProcessModuleSettings ] - Parameter has a description - [ MyITProcessConfFile ]" name="Testing the [ built ] version of [ MyITProcessAPI ] with [ HelpComment.Tests.ps1 ].[ MyITProcessAPI ] module help tests.[ Export-MyITProcessModuleSettings ].[ Export-MyITProcessModuleSettings ] - Parameter has a description - [ MyITProcessConfFile ]" time="0.0022" asserts="0" success="True" result="Success" executed="True" />
                        </results>
                      </test-suite>
                      <test-suite type="ParameterizedTest" name="Testing the [ built ] version of [ MyITProcessAPI ] with [ HelpComment.Tests.ps1 ].[ MyITProcessAPI ] module help tests.[ Export-MyITProcessModuleSettings ].[ Export-MyITProcessModuleSettings ] - Example has example code &amp; description   - [ &lt;_.title -replace '-'.''&gt; ]" executed="True" result="Success" success="True" time="0.0053" asserts="0" description="[ Export-MyITProcessModuleSettings ] - Example has example code &amp; description   - [ &lt;_.title -replace '-'.''&gt; ]">
                        <results>
                          <test-case description="[ Export-MyITProcessModuleSettings ] - Example has example code &amp; description   - [  EXAMPLE 1  ]" name="Testing the [ built ] version of [ MyITProcessAPI ] with [ HelpComment.Tests.ps1 ].[ MyITProcessAPI ] module help tests.[ Export-MyITProcessModuleSettings ].[ Export-MyITProcessModuleSettings ] - Example has example code &amp; description   - [  EXAMPLE 1  ]" time="0.0027" asserts="0" success="True" result="Success" executed="True" />
                          <test-case description="[ Export-MyITProcessModuleSettings ] - Example has example code &amp; description   - [  EXAMPLE 2  ]" name="Testing the [ built ] version of [ MyITProcessAPI ] with [ HelpComment.Tests.ps1 ].[ MyITProcessAPI ] module help tests.[ Export-MyITProcessModuleSettings ].[ Export-MyITProcessModuleSettings ] - Example has example code &amp; description   - [  EXAMPLE 2  ]" time="0.0026" asserts="0" success="True" result="Success" executed="True" />
                        </results>
                      </test-suite>
                    </results>
                  </test-suite>
                </results>
              </test-suite>
              <test-suite type="TestFixture" name="Testing the [ built ] version of [ MyITProcessAPI ] with [ HelpComment.Tests.ps1 ].[ MyITProcessAPI ] module help tests" executed="True" result="Success" success="True" time="0.1785" asserts="0" description="Testing the [ built ] version of [ MyITProcessAPI ] with [ HelpComment.Tests.ps1 ].[ MyITProcessAPI ] module help tests">
                <results>
                  <test-suite type="TestFixture" name="Testing the [ built ] version of [ MyITProcessAPI ] with [ HelpComment.Tests.ps1 ].[ MyITProcessAPI ] module help tests.[ Get-MyITProcessAPIKey ]" executed="True" result="Success" success="True" time="0.0257" asserts="0" description="Testing the [ built ] version of [ MyITProcessAPI ] with [ HelpComment.Tests.ps1 ].[ MyITProcessAPI ] module help tests.[ Get-MyITProcessAPIKey ]">
                    <results>
                      <test-case description="[ Get-MyITProcessAPIKey ] contains comment based help" name="Testing the [ built ] version of [ MyITProcessAPI ] with [ HelpComment.Tests.ps1 ].[ MyITProcessAPI ] module help tests.[ Get-MyITProcessAPIKey ].[ Get-MyITProcessAPIKey ] contains comment based help" time="0.0023" asserts="0" success="True" result="Success" executed="True" />
                      <test-case description="[ Get-MyITProcessAPIKey ] contains a synopsis" name="Testing the [ built ] version of [ MyITProcessAPI ] with [ HelpComment.Tests.ps1 ].[ MyITProcessAPI ] module help tests.[ Get-MyITProcessAPIKey ].[ Get-MyITProcessAPIKey ] contains a synopsis" time="0.002" asserts="0" success="True" result="Success" executed="True" />
                      <test-case description="[ Get-MyITProcessAPIKey ] contains a description" name="Testing the [ built ] version of [ MyITProcessAPI ] with [ HelpComment.Tests.ps1 ].[ MyITProcessAPI ] module help tests.[ Get-MyITProcessAPIKey ].[ Get-MyITProcessAPIKey ] contains a description" time="0.0057" asserts="0" success="True" result="Success" executed="True" />
                      <test-case description="[ Get-MyITProcessAPIKey ] contains at least one usage example" name="Testing the [ built ] version of [ MyITProcessAPI ] with [ HelpComment.Tests.ps1 ].[ MyITProcessAPI ] module help tests.[ Get-MyITProcessAPIKey ].[ Get-MyITProcessAPIKey ] contains at least one usage example" time="0.0026" asserts="0" success="True" result="Success" executed="True" />
                      <test-case description="[ Get-MyITProcessAPIKey ] contains a note" name="Testing the [ built ] version of [ MyITProcessAPI ] with [ HelpComment.Tests.ps1 ].[ MyITProcessAPI ] module help tests.[ Get-MyITProcessAPIKey ].[ Get-MyITProcessAPIKey ] contains a note" time="0.002" asserts="0" success="True" result="Success" executed="True" />
                      <test-case description="[ Get-MyITProcessAPIKey ] contains a link" name="Testing the [ built ] version of [ MyITProcessAPI ] with [ HelpComment.Tests.ps1 ].[ MyITProcessAPI ] module help tests.[ Get-MyITProcessAPIKey ].[ Get-MyITProcessAPIKey ] contains a link" time="0.0021" asserts="0" success="True" result="Success" executed="True" />
                      <test-suite type="ParameterizedTest" name="Testing the [ built ] version of [ MyITProcessAPI ] with [ HelpComment.Tests.ps1 ].[ MyITProcessAPI ] module help tests.[ Get-MyITProcessAPIKey ].[ Get-MyITProcessAPIKey ] - Parameter has a description - [ &lt;_.name&gt; ]" executed="True" result="Success" success="True" time="0.0022" asserts="0" description="[ Get-MyITProcessAPIKey ] - Parameter has a description - [ &lt;_.name&gt; ]">
                        <results>
                          <test-case description="[ Get-MyITProcessAPIKey ] - Parameter has a description - [ plainText ]" name="Testing the [ built ] version of [ MyITProcessAPI ] with [ HelpComment.Tests.ps1 ].[ MyITProcessAPI ] module help tests.[ Get-MyITProcessAPIKey ].[ Get-MyITProcessAPIKey ] - Parameter has a description - [ plainText ]" time="0.0022" asserts="0" success="True" result="Success" executed="True" />
                        </results>
                      </test-suite>
                      <test-suite type="ParameterizedTest" name="Testing the [ built ] version of [ MyITProcessAPI ] with [ HelpComment.Tests.ps1 ].[ MyITProcessAPI ] module help tests.[ Get-MyITProcessAPIKey ].[ Get-MyITProcessAPIKey ] - Example has example code &amp; description   - [ &lt;_.title -replace '-'.''&gt; ]" executed="True" result="Success" success="True" time="0.0026" asserts="0" description="[ Get-MyITProcessAPIKey ] - Example has example code &amp; description   - [ &lt;_.title -replace '-'.''&gt; ]">
                        <results>
                          <test-case description="[ Get-MyITProcessAPIKey ] - Example has example code &amp; description   - [  EXAMPLE 1  ]" name="Testing the [ built ] version of [ MyITProcessAPI ] with [ HelpComment.Tests.ps1 ].[ MyITProcessAPI ] module help tests.[ Get-MyITProcessAPIKey ].[ Get-MyITProcessAPIKey ] - Example has example code &amp; description   - [  EXAMPLE 1  ]" time="0.0026" asserts="0" success="True" result="Success" executed="True" />
                        </results>
                      </test-suite>
                    </results>
                  </test-suite>
                </results>
              </test-suite>
              <test-suite type="TestFixture" name="Testing the [ built ] version of [ MyITProcessAPI ] with [ HelpComment.Tests.ps1 ].[ MyITProcessAPI ] module help tests" executed="True" result="Ignored" success="True" time="0.2097" asserts="0" description="Testing the [ built ] version of [ MyITProcessAPI ] with [ HelpComment.Tests.ps1 ].[ MyITProcessAPI ] module help tests">
                <results>
                  <test-suite type="TestFixture" name="Testing the [ built ] version of [ MyITProcessAPI ] with [ HelpComment.Tests.ps1 ].[ MyITProcessAPI ] module help tests.[ Get-MyITProcessBaseURI ]" executed="True" result="Ignored" success="True" time="0.0275" asserts="0" description="Testing the [ built ] version of [ MyITProcessAPI ] with [ HelpComment.Tests.ps1 ].[ MyITProcessAPI ] module help tests.[ Get-MyITProcessBaseURI ]">
                    <results>
                      <test-case description="[ Get-MyITProcessBaseURI ] contains comment based help" name="Testing the [ built ] version of [ MyITProcessAPI ] with [ HelpComment.Tests.ps1 ].[ MyITProcessAPI ] module help tests.[ Get-MyITProcessBaseURI ].[ Get-MyITProcessBaseURI ] contains comment based help" time="0.0022" asserts="0" success="True" result="Success" executed="True" />
                      <test-case description="[ Get-MyITProcessBaseURI ] contains a synopsis" name="Testing the [ built ] version of [ MyITProcessAPI ] with [ HelpComment.Tests.ps1 ].[ MyITProcessAPI ] module help tests.[ Get-MyITProcessBaseURI ].[ Get-MyITProcessBaseURI ] contains a synopsis" time="0.006" asserts="0" success="True" result="Success" executed="True" />
                      <test-case description="[ Get-MyITProcessBaseURI ] contains a description" name="Testing the [ built ] version of [ MyITProcessAPI ] with [ HelpComment.Tests.ps1 ].[ MyITProcessAPI ] module help tests.[ Get-MyITProcessBaseURI ].[ Get-MyITProcessBaseURI ] contains a description" time="0.0023" asserts="0" success="True" result="Success" executed="True" />
                      <test-case description="[ Get-MyITProcessBaseURI ] contains at least one usage example" name="Testing the [ built ] version of [ MyITProcessAPI ] with [ HelpComment.Tests.ps1 ].[ MyITProcessAPI ] module help tests.[ Get-MyITProcessBaseURI ].[ Get-MyITProcessBaseURI ] contains at least one usage example" time="0.0026" asserts="0" success="True" result="Success" executed="True" />
                      <test-case description="[ Get-MyITProcessBaseURI ] contains a note" name="Testing the [ built ] version of [ MyITProcessAPI ] with [ HelpComment.Tests.ps1 ].[ MyITProcessAPI ] module help tests.[ Get-MyITProcessBaseURI ].[ Get-MyITProcessBaseURI ] contains a note" time="0.0021" asserts="0" success="True" result="Success" executed="True" />
                      <test-case description="[ Get-MyITProcessBaseURI ] contains a link" name="Testing the [ built ] version of [ MyITProcessAPI ] with [ HelpComment.Tests.ps1 ].[ MyITProcessAPI ] module help tests.[ Get-MyITProcessBaseURI ].[ Get-MyITProcessBaseURI ] contains a link" time="0.0021" asserts="0" success="True" result="Success" executed="True" />
                      <test-case description="[ Get-MyITProcessBaseURI ] - Parameter has a description -" name="Testing the [ built ] version of [ MyITProcessAPI ] with [ HelpComment.Tests.ps1 ].[ MyITProcessAPI ] module help tests.[ Get-MyITProcessBaseURI ].[ Get-MyITProcessBaseURI ] - Parameter has a description -" time="0.0032" asserts="0" success="False" result="Ignored" executed="False" />
                      <test-suite type="ParameterizedTest" name="Testing the [ built ] version of [ MyITProcessAPI ] with [ HelpComment.Tests.ps1 ].[ MyITProcessAPI ] module help tests.[ Get-MyITProcessBaseURI ].[ Get-MyITProcessBaseURI ] - Example has example code &amp; description   - [ &lt;_.title -replace '-'.''&gt; ]" executed="True" result="Success" success="True" time="0.0027" asserts="0" description="[ Get-MyITProcessBaseURI ] - Example has example code &amp; description   - [ &lt;_.title -replace '-'.''&gt; ]">
                        <results>
                          <test-case description="[ Get-MyITProcessBaseURI ] - Example has example code &amp; description   - [  EXAMPLE 1  ]" name="Testing the [ built ] version of [ MyITProcessAPI ] with [ HelpComment.Tests.ps1 ].[ MyITProcessAPI ] module help tests.[ Get-MyITProcessBaseURI ].[ Get-MyITProcessBaseURI ] - Example has example code &amp; description   - [  EXAMPLE 1  ]" time="0.0027" asserts="0" success="True" result="Success" executed="True" />
                        </results>
                      </test-suite>
                    </results>
                  </test-suite>
                </results>
              </test-suite>
              <test-suite type="TestFixture" name="Testing the [ built ] version of [ MyITProcessAPI ] with [ HelpComment.Tests.ps1 ].[ MyITProcessAPI ] module help tests" executed="True" result="Success" success="True" time="0.2724" asserts="0" description="Testing the [ built ] version of [ MyITProcessAPI ] with [ HelpComment.Tests.ps1 ].[ MyITProcessAPI ] module help tests">
                <results>
                  <test-suite type="TestFixture" name="Testing the [ built ] version of [ MyITProcessAPI ] with [ HelpComment.Tests.ps1 ].[ MyITProcessAPI ] module help tests.[ Get-MyITProcessClients ]" executed="True" result="Success" success="True" time="0.0591" asserts="0" description="Testing the [ built ] version of [ MyITProcessAPI ] with [ HelpComment.Tests.ps1 ].[ MyITProcessAPI ] module help tests.[ Get-MyITProcessClients ]">
                    <results>
                      <test-case description="[ Get-MyITProcessClients ] contains comment based help" name="Testing the [ built ] version of [ MyITProcessAPI ] with [ HelpComment.Tests.ps1 ].[ MyITProcessAPI ] module help tests.[ Get-MyITProcessClients ].[ Get-MyITProcessClients ] contains comment based help" time="0.0061" asserts="0" success="True" result="Success" executed="True" />
                      <test-case description="[ Get-MyITProcessClients ] contains a synopsis" name="Testing the [ built ] version of [ MyITProcessAPI ] with [ HelpComment.Tests.ps1 ].[ MyITProcessAPI ] module help tests.[ Get-MyITProcessClients ].[ Get-MyITProcessClients ] contains a synopsis" time="0.0022" asserts="0" success="True" result="Success" executed="True" />
                      <test-case description="[ Get-MyITProcessClients ] contains a description" name="Testing the [ built ] version of [ MyITProcessAPI ] with [ HelpComment.Tests.ps1 ].[ MyITProcessAPI ] module help tests.[ Get-MyITProcessClients ].[ Get-MyITProcessClients ] contains a description" time="0.0023" asserts="0" success="True" result="Success" executed="True" />
                      <test-case description="[ Get-MyITProcessClients ] contains at least one usage example" name="Testing the [ built ] version of [ MyITProcessAPI ] with [ HelpComment.Tests.ps1 ].[ MyITProcessAPI ] module help tests.[ Get-MyITProcessClients ].[ Get-MyITProcessClients ] contains at least one usage example" time="0.0027" asserts="0" success="True" result="Success" executed="True" />
                      <test-case description="[ Get-MyITProcessClients ] contains a note" name="Testing the [ built ] version of [ MyITProcessAPI ] with [ HelpComment.Tests.ps1 ].[ MyITProcessAPI ] module help tests.[ Get-MyITProcessClients ].[ Get-MyITProcessClients ] contains a note" time="0.0021" asserts="0" success="True" result="Success" executed="True" />
                      <test-case description="[ Get-MyITProcessClients ] contains a link" name="Testing the [ built ] version of [ MyITProcessAPI ] with [ HelpComment.Tests.ps1 ].[ MyITProcessAPI ] module help tests.[ Get-MyITProcessClients ].[ Get-MyITProcessClients ] contains a link" time="0.002" asserts="0" success="True" result="Success" executed="True" />
                      <test-suite type="ParameterizedTest" name="Testing the [ built ] version of [ MyITProcessAPI ] with [ HelpComment.Tests.ps1 ].[ MyITProcessAPI ] module help tests.[ Get-MyITProcessClients ].[ Get-MyITProcessClients ] - Parameter has a description - [ &lt;_.name&gt; ]" executed="True" result="Success" success="True" time="0.0257" asserts="0" description="[ Get-MyITProcessClients ] - Parameter has a description - [ &lt;_.name&gt; ]">
                        <results>
                          <test-case description="[ Get-MyITProcessClients ] - Parameter has a description - [ filter_field ]" name="Testing the [ built ] version of [ MyITProcessAPI ] with [ HelpComment.Tests.ps1 ].[ MyITProcessAPI ] module help tests.[ Get-MyITProcessClients ].[ Get-MyITProcessClients ] - Parameter has a description - [ filter_field ]" time="0.0022" asserts="0" success="True" result="Success" executed="True" />
                          <test-case description="[ Get-MyITProcessClients ] - Parameter has a description - [ filter_predicate ]" name="Testing the [ built ] version of [ MyITProcessAPI ] with [ HelpComment.Tests.ps1 ].[ MyITProcessAPI ] module help tests.[ Get-MyITProcessClients ].[ Get-MyITProcessClients ] - Parameter has a description - [ filter_predicate ]" time="0.0022" asserts="0" success="True" result="Success" executed="True" />
                          <test-case description="[ Get-MyITProcessClients ] - Parameter has a description - [ filter_condition ]" name="Testing the [ built ] version of [ MyITProcessAPI ] with [ HelpComment.Tests.ps1 ].[ MyITProcessAPI ] module help tests.[ Get-MyITProcessClients ].[ Get-MyITProcessClients ] - Parameter has a description - [ filter_condition ]" time="0.0022" asserts="0" success="True" result="Success" executed="True" />
                          <test-case description="[ Get-MyITProcessClients ] - Parameter has a description - [ filter_operator ]" name="Testing the [ built ] version of [ MyITProcessAPI ] with [ HelpComment.Tests.ps1 ].[ MyITProcessAPI ] module help tests.[ Get-MyITProcessClients ].[ Get-MyITProcessClients ] - Parameter has a description - [ filter_operator ]" time="0.0034" asserts="0" success="True" result="Success" executed="True" />
                          <test-case description="[ Get-MyITProcessClients ] - Parameter has a description - [ sort_field ]" name="Testing the [ built ] version of [ MyITProcessAPI ] with [ HelpComment.Tests.ps1 ].[ MyITProcessAPI ] module help tests.[ Get-MyITProcessClients ].[ Get-MyITProcessClients ] - Parameter has a description - [ sort_field ]" time="0.0029" asserts="0" success="True" result="Success" executed="True" />
                          <test-case description="[ Get-MyITProcessClients ] - Parameter has a description - [ sort_direction ]" name="Testing the [ built ] version of [ MyITProcessAPI ] with [ HelpComment.Tests.ps1 ].[ MyITProcessAPI ] module help tests.[ Get-MyITProcessClients ].[ Get-MyITProcessClients ] - Parameter has a description - [ sort_direction ]" time="0.0061" asserts="0" success="True" result="Success" executed="True" />
                          <test-case description="[ Get-MyITProcessClients ] - Parameter has a description - [ page ]" name="Testing the [ built ] version of [ MyITProcessAPI ] with [ HelpComment.Tests.ps1 ].[ MyITProcessAPI ] module help tests.[ Get-MyITProcessClients ].[ Get-MyITProcessClients ] - Parameter has a description - [ page ]" time="0.0023" asserts="0" success="True" result="Success" executed="True" />
                          <test-case description="[ Get-MyITProcessClients ] - Parameter has a description - [ pageSize ]" name="Testing the [ built ] version of [ MyITProcessAPI ] with [ HelpComment.Tests.ps1 ].[ MyITProcessAPI ] module help tests.[ Get-MyITProcessClients ].[ Get-MyITProcessClients ] - Parameter has a description - [ pageSize ]" time="0.0022" asserts="0" success="True" result="Success" executed="True" />
                          <test-case description="[ Get-MyITProcessClients ] - Parameter has a description - [ allPages ]" name="Testing the [ built ] version of [ MyITProcessAPI ] with [ HelpComment.Tests.ps1 ].[ MyITProcessAPI ] module help tests.[ Get-MyITProcessClients ].[ Get-MyITProcessClients ] - Parameter has a description - [ allPages ]" time="0.0022" asserts="0" success="True" result="Success" executed="True" />
                        </results>
                      </test-suite>
                      <test-suite type="ParameterizedTest" name="Testing the [ built ] version of [ MyITProcessAPI ] with [ HelpComment.Tests.ps1 ].[ MyITProcessAPI ] module help tests.[ Get-MyITProcessClients ].[ Get-MyITProcessClients ] - Example has example code &amp; description   - [ &lt;_.title -replace '-'.''&gt; ]" executed="True" result="Success" success="True" time="0.0108" asserts="0" description="[ Get-MyITProcessClients ] - Example has example code &amp; description   - [ &lt;_.title -replace '-'.''&gt; ]">
                        <results>
                          <test-case description="[ Get-MyITProcessClients ] - Example has example code &amp; description   - [  EXAMPLE 1  ]" name="Testing the [ built ] version of [ MyITProcessAPI ] with [ HelpComment.Tests.ps1 ].[ MyITProcessAPI ] module help tests.[ Get-MyITProcessClients ].[ Get-MyITProcessClients ] - Example has example code &amp; description   - [  EXAMPLE 1  ]" time="0.0028" asserts="0" success="True" result="Success" executed="True" />
                          <test-case description="[ Get-MyITProcessClients ] - Example has example code &amp; description   - [  EXAMPLE 2  ]" name="Testing the [ built ] version of [ MyITProcessAPI ] with [ HelpComment.Tests.ps1 ].[ MyITProcessAPI ] module help tests.[ Get-MyITProcessClients ].[ Get-MyITProcessClients ] - Example has example code &amp; description   - [  EXAMPLE 2  ]" time="0.0027" asserts="0" success="True" result="Success" executed="True" />
                          <test-case description="[ Get-MyITProcessClients ] - Example has example code &amp; description   - [  EXAMPLE 3  ]" name="Testing the [ built ] version of [ MyITProcessAPI ] with [ HelpComment.Tests.ps1 ].[ MyITProcessAPI ] module help tests.[ Get-MyITProcessClients ].[ Get-MyITProcessClients ] - Example has example code &amp; description   - [  EXAMPLE 3  ]" time="0.0027" asserts="0" success="True" result="Success" executed="True" />
                          <test-case description="[ Get-MyITProcessClients ] - Example has example code &amp; description   - [  EXAMPLE 4  ]" name="Testing the [ built ] version of [ MyITProcessAPI ] with [ HelpComment.Tests.ps1 ].[ MyITProcessAPI ] module help tests.[ Get-MyITProcessClients ].[ Get-MyITProcessClients ] - Example has example code &amp; description   - [  EXAMPLE 4  ]" time="0.0027" asserts="0" success="True" result="Success" executed="True" />
                        </results>
                      </test-suite>
                    </results>
                  </test-suite>
                </results>
              </test-suite>
              <test-suite type="TestFixture" name="Testing the [ built ] version of [ MyITProcessAPI ] with [ HelpComment.Tests.ps1 ].[ MyITProcessAPI ] module help tests" executed="True" result="Success" success="True" time="0.3307" asserts="0" description="Testing the [ built ] version of [ MyITProcessAPI ] with [ HelpComment.Tests.ps1 ].[ MyITProcessAPI ] module help tests">
                <results>
                  <test-suite type="TestFixture" name="Testing the [ built ] version of [ MyITProcessAPI ] with [ HelpComment.Tests.ps1 ].[ MyITProcessAPI ] module help tests.[ Get-MyITProcessFindings ]" executed="True" result="Success" success="True" time="0.0548" asserts="0" description="Testing the [ built ] version of [ MyITProcessAPI ] with [ HelpComment.Tests.ps1 ].[ MyITProcessAPI ] module help tests.[ Get-MyITProcessFindings ]">
                    <results>
                      <test-case description="[ Get-MyITProcessFindings ] contains comment based help" name="Testing the [ built ] version of [ MyITProcessAPI ] with [ HelpComment.Tests.ps1 ].[ MyITProcessAPI ] module help tests.[ Get-MyITProcessFindings ].[ Get-MyITProcessFindings ] contains comment based help" time="0.0024" asserts="0" success="True" result="Success" executed="True" />
                      <test-case description="[ Get-MyITProcessFindings ] contains a synopsis" name="Testing the [ built ] version of [ MyITProcessAPI ] with [ HelpComment.Tests.ps1 ].[ MyITProcessAPI ] module help tests.[ Get-MyITProcessFindings ].[ Get-MyITProcessFindings ] contains a synopsis" time="0.0021" asserts="0" success="True" result="Success" executed="True" />
                      <test-case description="[ Get-MyITProcessFindings ] contains a description" name="Testing the [ built ] version of [ MyITProcessAPI ] with [ HelpComment.Tests.ps1 ].[ MyITProcessAPI ] module help tests.[ Get-MyITProcessFindings ].[ Get-MyITProcessFindings ] contains a description" time="0.0021" asserts="0" success="True" result="Success" executed="True" />
                      <test-case description="[ Get-MyITProcessFindings ] contains at least one usage example" name="Testing the [ built ] version of [ MyITProcessAPI ] with [ HelpComment.Tests.ps1 ].[ MyITProcessAPI ] module help tests.[ Get-MyITProcessFindings ].[ Get-MyITProcessFindings ] contains at least one usage example" time="0.0026" asserts="0" success="True" result="Success" executed="True" />
                      <test-case description="[ Get-MyITProcessFindings ] contains a note" name="Testing the [ built ] version of [ MyITProcessAPI ] with [ HelpComment.Tests.ps1 ].[ MyITProcessAPI ] module help tests.[ Get-MyITProcessFindings ].[ Get-MyITProcessFindings ] contains a note" time="0.0022" asserts="0" success="True" result="Success" executed="True" />
                      <test-case description="[ Get-MyITProcessFindings ] contains a link" name="Testing the [ built ] version of [ MyITProcessAPI ] with [ HelpComment.Tests.ps1 ].[ MyITProcessAPI ] module help tests.[ Get-MyITProcessFindings ].[ Get-MyITProcessFindings ] contains a link" time="0.002" asserts="0" success="True" result="Success" executed="True" />
                      <test-suite type="ParameterizedTest" name="Testing the [ built ] version of [ MyITProcessAPI ] with [ HelpComment.Tests.ps1 ].[ MyITProcessAPI ] module help tests.[ Get-MyITProcessFindings ].[ Get-MyITProcessFindings ] - Parameter has a description - [ &lt;_.name&gt; ]" executed="True" result="Success" success="True" time="0.0229" asserts="0" description="[ Get-MyITProcessFindings ] - Parameter has a description - [ &lt;_.name&gt; ]">
                        <results>
                          <test-case description="[ Get-MyITProcessFindings ] - Parameter has a description - [ filter_field ]" name="Testing the [ built ] version of [ MyITProcessAPI ] with [ HelpComment.Tests.ps1 ].[ MyITProcessAPI ] module help tests.[ Get-MyITProcessFindings ].[ Get-MyITProcessFindings ] - Parameter has a description - [ filter_field ]" time="0.0021" asserts="0" success="True" result="Success" executed="True" />
                          <test-case description="[ Get-MyITProcessFindings ] - Parameter has a description - [ filter_predicate ]" name="Testing the [ built ] version of [ MyITProcessAPI ] with [ HelpComment.Tests.ps1 ].[ MyITProcessAPI ] module help tests.[ Get-MyITProcessFindings ].[ Get-MyITProcessFindings ] - Parameter has a description - [ filter_predicate ]" time="0.0021" asserts="0" success="True" result="Success" executed="True" />
                          <test-case description="[ Get-MyITProcessFindings ] - Parameter has a description - [ filter_condition ]" name="Testing the [ built ] version of [ MyITProcessAPI ] with [ HelpComment.Tests.ps1 ].[ MyITProcessAPI ] module help tests.[ Get-MyITProcessFindings ].[ Get-MyITProcessFindings ] - Parameter has a description - [ filter_condition ]" time="0.0021" asserts="0" success="True" result="Success" executed="True" />
                          <test-case description="[ Get-MyITProcessFindings ] - Parameter has a description - [ filter_operator ]" name="Testing the [ built ] version of [ MyITProcessAPI ] with [ HelpComment.Tests.ps1 ].[ MyITProcessAPI ] module help tests.[ Get-MyITProcessFindings ].[ Get-MyITProcessFindings ] - Parameter has a description - [ filter_operator ]" time="0.0021" asserts="0" success="True" result="Success" executed="True" />
                          <test-case description="[ Get-MyITProcessFindings ] - Parameter has a description - [ sort_field ]" name="Testing the [ built ] version of [ MyITProcessAPI ] with [ HelpComment.Tests.ps1 ].[ MyITProcessAPI ] module help tests.[ Get-MyITProcessFindings ].[ Get-MyITProcessFindings ] - Parameter has a description - [ sort_field ]" time="0.006" asserts="0" success="True" result="Success" executed="True" />
                          <test-case description="[ Get-MyITProcessFindings ] - Parameter has a description - [ sort_direction ]" name="Testing the [ built ] version of [ MyITProcessAPI ] with [ HelpComment.Tests.ps1 ].[ MyITProcessAPI ] module help tests.[ Get-MyITProcessFindings ].[ Get-MyITProcessFindings ] - Parameter has a description - [ sort_direction ]" time="0.0022" asserts="0" success="True" result="Success" executed="True" />
                          <test-case description="[ Get-MyITProcessFindings ] - Parameter has a description - [ page ]" name="Testing the [ built ] version of [ MyITProcessAPI ] with [ HelpComment.Tests.ps1 ].[ MyITProcessAPI ] module help tests.[ Get-MyITProcessFindings ].[ Get-MyITProcessFindings ] - Parameter has a description - [ page ]" time="0.0021" asserts="0" success="True" result="Success" executed="True" />
                          <test-case description="[ Get-MyITProcessFindings ] - Parameter has a description - [ pageSize ]" name="Testing the [ built ] version of [ MyITProcessAPI ] with [ HelpComment.Tests.ps1 ].[ MyITProcessAPI ] module help tests.[ Get-MyITProcessFindings ].[ Get-MyITProcessFindings ] - Parameter has a description - [ pageSize ]" time="0.0021" asserts="0" success="True" result="Success" executed="True" />
                          <test-case description="[ Get-MyITProcessFindings ] - Parameter has a description - [ allPages ]" name="Testing the [ built ] version of [ MyITProcessAPI ] with [ HelpComment.Tests.ps1 ].[ MyITProcessAPI ] module help tests.[ Get-MyITProcessFindings ].[ Get-MyITProcessFindings ] - Parameter has a description - [ allPages ]" time="0.0021" asserts="0" success="True" result="Success" executed="True" />
                        </results>
                      </test-suite>
                      <test-suite type="ParameterizedTest" name="Testing the [ built ] version of [ MyITProcessAPI ] with [ HelpComment.Tests.ps1 ].[ MyITProcessAPI ] module help tests.[ Get-MyITProcessFindings ].[ Get-MyITProcessFindings ] - Example has example code &amp; description   - [ &lt;_.title -replace '-'.''&gt; ]" executed="True" result="Success" success="True" time="0.0105" asserts="0" description="[ Get-MyITProcessFindings ] - Example has example code &amp; description   - [ &lt;_.title -replace '-'.''&gt; ]">
                        <results>
                          <test-case description="[ Get-MyITProcessFindings ] - Example has example code &amp; description   - [  EXAMPLE 1  ]" name="Testing the [ built ] version of [ MyITProcessAPI ] with [ HelpComment.Tests.ps1 ].[ MyITProcessAPI ] module help tests.[ Get-MyITProcessFindings ].[ Get-MyITProcessFindings ] - Example has example code &amp; description   - [  EXAMPLE 1  ]" time="0.0027" asserts="0" success="True" result="Success" executed="True" />
                          <test-case description="[ Get-MyITProcessFindings ] - Example has example code &amp; description   - [  EXAMPLE 2  ]" name="Testing the [ built ] version of [ MyITProcessAPI ] with [ HelpComment.Tests.ps1 ].[ MyITProcessAPI ] module help tests.[ Get-MyITProcessFindings ].[ Get-MyITProcessFindings ] - Example has example code &amp; description   - [  EXAMPLE 2  ]" time="0.0026" asserts="0" success="True" result="Success" executed="True" />
                          <test-case description="[ Get-MyITProcessFindings ] - Example has example code &amp; description   - [  EXAMPLE 3  ]" name="Testing the [ built ] version of [ MyITProcessAPI ] with [ HelpComment.Tests.ps1 ].[ MyITProcessAPI ] module help tests.[ Get-MyITProcessFindings ].[ Get-MyITProcessFindings ] - Example has example code &amp; description   - [  EXAMPLE 3  ]" time="0.0026" asserts="0" success="True" result="Success" executed="True" />
                          <test-case description="[ Get-MyITProcessFindings ] - Example has example code &amp; description   - [  EXAMPLE 4  ]" name="Testing the [ built ] version of [ MyITProcessAPI ] with [ HelpComment.Tests.ps1 ].[ MyITProcessAPI ] module help tests.[ Get-MyITProcessFindings ].[ Get-MyITProcessFindings ] - Example has example code &amp; description   - [  EXAMPLE 4  ]" time="0.0026" asserts="0" success="True" result="Success" executed="True" />
                        </results>
                      </test-suite>
                    </results>
                  </test-suite>
                </results>
              </test-suite>
              <test-suite type="TestFixture" name="Testing the [ built ] version of [ MyITProcessAPI ] with [ HelpComment.Tests.ps1 ].[ MyITProcessAPI ] module help tests" executed="True" result="Success" success="True" time="0.3891" asserts="0" description="Testing the [ built ] version of [ MyITProcessAPI ] with [ HelpComment.Tests.ps1 ].[ MyITProcessAPI ] module help tests">
                <results>
                  <test-suite type="TestFixture" name="Testing the [ built ] version of [ MyITProcessAPI ] with [ HelpComment.Tests.ps1 ].[ MyITProcessAPI ] module help tests.[ Get-MyITProcessInitiatives ]" executed="True" result="Success" success="True" time="0.0518" asserts="0" description="Testing the [ built ] version of [ MyITProcessAPI ] with [ HelpComment.Tests.ps1 ].[ MyITProcessAPI ] module help tests.[ Get-MyITProcessInitiatives ]">
                    <results>
                      <test-case description="[ Get-MyITProcessInitiatives ] contains comment based help" name="Testing the [ built ] version of [ MyITProcessAPI ] with [ HelpComment.Tests.ps1 ].[ MyITProcessAPI ] module help tests.[ Get-MyITProcessInitiatives ].[ Get-MyITProcessInitiatives ] contains comment based help" time="0.0024" asserts="0" success="True" result="Success" executed="True" />
                      <test-case description="[ Get-MyITProcessInitiatives ] contains a synopsis" name="Testing the [ built ] version of [ MyITProcessAPI ] with [ HelpComment.Tests.ps1 ].[ MyITProcessAPI ] module help tests.[ Get-MyITProcessInitiatives ].[ Get-MyITProcessInitiatives ] contains a synopsis" time="0.0021" asserts="0" success="True" result="Success" executed="True" />
                      <test-case description="[ Get-MyITProcessInitiatives ] contains a description" name="Testing the [ built ] version of [ MyITProcessAPI ] with [ HelpComment.Tests.ps1 ].[ MyITProcessAPI ] module help tests.[ Get-MyITProcessInitiatives ].[ Get-MyITProcessInitiatives ] contains a description" time="0.002" asserts="0" success="True" result="Success" executed="True" />
                      <test-case description="[ Get-MyITProcessInitiatives ] contains at least one usage example" name="Testing the [ built ] version of [ MyITProcessAPI ] with [ HelpComment.Tests.ps1 ].[ MyITProcessAPI ] module help tests.[ Get-MyITProcessInitiatives ].[ Get-MyITProcessInitiatives ] contains at least one usage example" time="0.0026" asserts="0" success="True" result="Success" executed="True" />
                      <test-case description="[ Get-MyITProcessInitiatives ] contains a note" name="Testing the [ built ] version of [ MyITProcessAPI ] with [ HelpComment.Tests.ps1 ].[ MyITProcessAPI ] module help tests.[ Get-MyITProcessInitiatives ].[ Get-MyITProcessInitiatives ] contains a note" time="0.002" asserts="0" success="True" result="Success" executed="True" />
                      <test-case description="[ Get-MyITProcessInitiatives ] contains a link" name="Testing the [ built ] version of [ MyITProcessAPI ] with [ HelpComment.Tests.ps1 ].[ MyITProcessAPI ] module help tests.[ Get-MyITProcessInitiatives ].[ Get-MyITProcessInitiatives ] contains a link" time="0.002" asserts="0" success="True" result="Success" executed="True" />
                      <test-suite type="ParameterizedTest" name="Testing the [ built ] version of [ MyITProcessAPI ] with [ HelpComment.Tests.ps1 ].[ MyITProcessAPI ] module help tests.[ Get-MyITProcessInitiatives ].[ Get-MyITProcessInitiatives ] - Parameter has a description - [ &lt;_.name&gt; ]" executed="True" result="Success" success="True" time="0.0233" asserts="0" description="[ Get-MyITProcessInitiatives ] - Parameter has a description - [ &lt;_.name&gt; ]">
                        <results>
                          <test-case description="[ Get-MyITProcessInitiatives ] - Parameter has a description - [ filter_field ]" name="Testing the [ built ] version of [ MyITProcessAPI ] with [ HelpComment.Tests.ps1 ].[ MyITProcessAPI ] module help tests.[ Get-MyITProcessInitiatives ].[ Get-MyITProcessInitiatives ] - Parameter has a description - [ filter_field ]" time="0.0022" asserts="0" success="True" result="Success" executed="True" />
                          <test-case description="[ Get-MyITProcessInitiatives ] - Parameter has a description - [ filter_predicate ]" name="Testing the [ built ] version of [ MyITProcessAPI ] with [ HelpComment.Tests.ps1 ].[ MyITProcessAPI ] module help tests.[ Get-MyITProcessInitiatives ].[ Get-MyITProcessInitiatives ] - Parameter has a description - [ filter_predicate ]" time="0.0021" asserts="0" success="True" result="Success" executed="True" />
                          <test-case description="[ Get-MyITProcessInitiatives ] - Parameter has a description - [ filter_condition ]" name="Testing the [ built ] version of [ MyITProcessAPI ] with [ HelpComment.Tests.ps1 ].[ MyITProcessAPI ] module help tests.[ Get-MyITProcessInitiatives ].[ Get-MyITProcessInitiatives ] - Parameter has a description - [ filter_condition ]" time="0.0021" asserts="0" success="True" result="Success" executed="True" />
                          <test-case description="[ Get-MyITProcessInitiatives ] - Parameter has a description - [ filter_operator ]" name="Testing the [ built ] version of [ MyITProcessAPI ] with [ HelpComment.Tests.ps1 ].[ MyITProcessAPI ] module help tests.[ Get-MyITProcessInitiatives ].[ Get-MyITProcessInitiatives ] - Parameter has a description - [ filter_operator ]" time="0.0063" asserts="0" success="True" result="Success" executed="True" />
                          <test-case description="[ Get-MyITProcessInitiatives ] - Parameter has a description - [ sort_field ]" name="Testing the [ built ] version of [ MyITProcessAPI ] with [ HelpComment.Tests.ps1 ].[ MyITProcessAPI ] module help tests.[ Get-MyITProcessInitiatives ].[ Get-MyITProcessInitiatives ] - Parameter has a description - [ sort_field ]" time="0.0021" asserts="0" success="True" result="Success" executed="True" />
                          <test-case description="[ Get-MyITProcessInitiatives ] - Parameter has a description - [ sort_direction ]" name="Testing the [ built ] version of [ MyITProcessAPI ] with [ HelpComment.Tests.ps1 ].[ MyITProcessAPI ] module help tests.[ Get-MyITProcessInitiatives ].[ Get-MyITProcessInitiatives ] - Parameter has a description - [ sort_direction ]" time="0.0021" asserts="0" success="True" result="Success" executed="True" />
                          <test-case description="[ Get-MyITProcessInitiatives ] - Parameter has a description - [ page ]" name="Testing the [ built ] version of [ MyITProcessAPI ] with [ HelpComment.Tests.ps1 ].[ MyITProcessAPI ] module help tests.[ Get-MyITProcessInitiatives ].[ Get-MyITProcessInitiatives ] - Parameter has a description - [ page ]" time="0.0021" asserts="0" success="True" result="Success" executed="True" />
                          <test-case description="[ Get-MyITProcessInitiatives ] - Parameter has a description - [ pageSize ]" name="Testing the [ built ] version of [ MyITProcessAPI ] with [ HelpComment.Tests.ps1 ].[ MyITProcessAPI ] module help tests.[ Get-MyITProcessInitiatives ].[ Get-MyITProcessInitiatives ] - Parameter has a description - [ pageSize ]" time="0.0021" asserts="0" success="True" result="Success" executed="True" />
                          <test-case description="[ Get-MyITProcessInitiatives ] - Parameter has a description - [ allPages ]" name="Testing the [ built ] version of [ MyITProcessAPI ] with [ HelpComment.Tests.ps1 ].[ MyITProcessAPI ] module help tests.[ Get-MyITProcessInitiatives ].[ Get-MyITProcessInitiatives ] - Parameter has a description - [ allPages ]" time="0.0021" asserts="0" success="True" result="Success" executed="True" />
                        </results>
                      </test-suite>
                      <test-suite type="ParameterizedTest" name="Testing the [ built ] version of [ MyITProcessAPI ] with [ HelpComment.Tests.ps1 ].[ MyITProcessAPI ] module help tests.[ Get-MyITProcessInitiatives ].[ Get-MyITProcessInitiatives ] - Example has example code &amp; description   - [ &lt;_.title -replace '-'.''&gt; ]" executed="True" result="Success" success="True" time="0.0105" asserts="0" description="[ Get-MyITProcessInitiatives ] - Example has example code &amp; description   - [ &lt;_.title -replace '-'.''&gt; ]">
                        <results>
                          <test-case description="[ Get-MyITProcessInitiatives ] - Example has example code &amp; description   - [  EXAMPLE 1  ]" name="Testing the [ built ] version of [ MyITProcessAPI ] with [ HelpComment.Tests.ps1 ].[ MyITProcessAPI ] module help tests.[ Get-MyITProcessInitiatives ].[ Get-MyITProcessInitiatives ] - Example has example code &amp; description   - [  EXAMPLE 1  ]" time="0.0026" asserts="0" success="True" result="Success" executed="True" />
                          <test-case description="[ Get-MyITProcessInitiatives ] - Example has example code &amp; description   - [  EXAMPLE 2  ]" name="Testing the [ built ] version of [ MyITProcessAPI ] with [ HelpComment.Tests.ps1 ].[ MyITProcessAPI ] module help tests.[ Get-MyITProcessInitiatives ].[ Get-MyITProcessInitiatives ] - Example has example code &amp; description   - [  EXAMPLE 2  ]" time="0.0026" asserts="0" success="True" result="Success" executed="True" />
                          <test-case description="[ Get-MyITProcessInitiatives ] - Example has example code &amp; description   - [  EXAMPLE 3  ]" name="Testing the [ built ] version of [ MyITProcessAPI ] with [ HelpComment.Tests.ps1 ].[ MyITProcessAPI ] module help tests.[ Get-MyITProcessInitiatives ].[ Get-MyITProcessInitiatives ] - Example has example code &amp; description   - [  EXAMPLE 3  ]" time="0.0026" asserts="0" success="True" result="Success" executed="True" />
                          <test-case description="[ Get-MyITProcessInitiatives ] - Example has example code &amp; description   - [  EXAMPLE 4  ]" name="Testing the [ built ] version of [ MyITProcessAPI ] with [ HelpComment.Tests.ps1 ].[ MyITProcessAPI ] module help tests.[ Get-MyITProcessInitiatives ].[ Get-MyITProcessInitiatives ] - Example has example code &amp; description   - [  EXAMPLE 4  ]" time="0.0027" asserts="0" success="True" result="Success" executed="True" />
                        </results>
                      </test-suite>
                    </results>
                  </test-suite>
                </results>
              </test-suite>
              <test-suite type="TestFixture" name="Testing the [ built ] version of [ MyITProcessAPI ] with [ HelpComment.Tests.ps1 ].[ MyITProcessAPI ] module help tests" executed="True" result="Success" success="True" time="0.4487" asserts="0" description="Testing the [ built ] version of [ MyITProcessAPI ] with [ HelpComment.Tests.ps1 ].[ MyITProcessAPI ] module help tests">
                <results>
                  <test-suite type="TestFixture" name="Testing the [ built ] version of [ MyITProcessAPI ] with [ HelpComment.Tests.ps1 ].[ MyITProcessAPI ] module help tests.[ Get-MyITProcessMeetings ]" executed="True" result="Success" success="True" time="0.0562" asserts="0" description="Testing the [ built ] version of [ MyITProcessAPI ] with [ HelpComment.Tests.ps1 ].[ MyITProcessAPI ] module help tests.[ Get-MyITProcessMeetings ]">
                    <results>
                      <test-case description="[ Get-MyITProcessMeetings ] contains comment based help" name="Testing the [ built ] version of [ MyITProcessAPI ] with [ HelpComment.Tests.ps1 ].[ MyITProcessAPI ] module help tests.[ Get-MyITProcessMeetings ].[ Get-MyITProcessMeetings ] contains comment based help" time="0.0023" asserts="0" success="True" result="Success" executed="True" />
                      <test-case description="[ Get-MyITProcessMeetings ] contains a synopsis" name="Testing the [ built ] version of [ MyITProcessAPI ] with [ HelpComment.Tests.ps1 ].[ MyITProcessAPI ] module help tests.[ Get-MyITProcessMeetings ].[ Get-MyITProcessMeetings ] contains a synopsis" time="0.0058" asserts="0" success="True" result="Success" executed="True" />
                      <test-case description="[ Get-MyITProcessMeetings ] contains a description" name="Testing the [ built ] version of [ MyITProcessAPI ] with [ HelpComment.Tests.ps1 ].[ MyITProcessAPI ] module help tests.[ Get-MyITProcessMeetings ].[ Get-MyITProcessMeetings ] contains a description" time="0.0021" asserts="0" success="True" result="Success" executed="True" />
                      <test-case description="[ Get-MyITProcessMeetings ] contains at least one usage example" name="Testing the [ built ] version of [ MyITProcessAPI ] with [ HelpComment.Tests.ps1 ].[ MyITProcessAPI ] module help tests.[ Get-MyITProcessMeetings ].[ Get-MyITProcessMeetings ] contains at least one usage example" time="0.0026" asserts="0" success="True" result="Success" executed="True" />
                      <test-case description="[ Get-MyITProcessMeetings ] contains a note" name="Testing the [ built ] version of [ MyITProcessAPI ] with [ HelpComment.Tests.ps1 ].[ MyITProcessAPI ] module help tests.[ Get-MyITProcessMeetings ].[ Get-MyITProcessMeetings ] contains a note" time="0.002" asserts="0" success="True" result="Success" executed="True" />
                      <test-case description="[ Get-MyITProcessMeetings ] contains a link" name="Testing the [ built ] version of [ MyITProcessAPI ] with [ HelpComment.Tests.ps1 ].[ MyITProcessAPI ] module help tests.[ Get-MyITProcessMeetings ].[ Get-MyITProcessMeetings ] contains a link" time="0.002" asserts="0" success="True" result="Success" executed="True" />
                      <test-suite type="ParameterizedTest" name="Testing the [ built ] version of [ MyITProcessAPI ] with [ HelpComment.Tests.ps1 ].[ MyITProcessAPI ] module help tests.[ Get-MyITProcessMeetings ].[ Get-MyITProcessMeetings ] - Parameter has a description - [ &lt;_.name&gt; ]" executed="True" result="Success" success="True" time="0.0237" asserts="0" description="[ Get-MyITProcessMeetings ] - Parameter has a description - [ &lt;_.name&gt; ]">
                        <results>
                          <test-case description="[ Get-MyITProcessMeetings ] - Parameter has a description - [ filter_field ]" name="Testing the [ built ] version of [ MyITProcessAPI ] with [ HelpComment.Tests.ps1 ].[ MyITProcessAPI ] module help tests.[ Get-MyITProcessMeetings ].[ Get-MyITProcessMeetings ] - Parameter has a description - [ filter_field ]" time="0.0021" asserts="0" success="True" result="Success" executed="True" />
                          <test-case description="[ Get-MyITProcessMeetings ] - Parameter has a description - [ filter_predicate ]" name="Testing the [ built ] version of [ MyITProcessAPI ] with [ HelpComment.Tests.ps1 ].[ MyITProcessAPI ] module help tests.[ Get-MyITProcessMeetings ].[ Get-MyITProcessMeetings ] - Parameter has a description - [ filter_predicate ]" time="0.0021" asserts="0" success="True" result="Success" executed="True" />
                          <test-case description="[ Get-MyITProcessMeetings ] - Parameter has a description - [ filter_condition ]" name="Testing the [ built ] version of [ MyITProcessAPI ] with [ HelpComment.Tests.ps1 ].[ MyITProcessAPI ] module help tests.[ Get-MyITProcessMeetings ].[ Get-MyITProcessMeetings ] - Parameter has a description - [ filter_condition ]" time="0.0021" asserts="0" success="True" result="Success" executed="True" />
                          <test-case description="[ Get-MyITProcessMeetings ] - Parameter has a description - [ filter_operator ]" name="Testing the [ built ] version of [ MyITProcessAPI ] with [ HelpComment.Tests.ps1 ].[ MyITProcessAPI ] module help tests.[ Get-MyITProcessMeetings ].[ Get-MyITProcessMeetings ] - Parameter has a description - [ filter_operator ]" time="0.0021" asserts="0" success="True" result="Success" executed="True" />
                          <test-case description="[ Get-MyITProcessMeetings ] - Parameter has a description - [ sort_field ]" name="Testing the [ built ] version of [ MyITProcessAPI ] with [ HelpComment.Tests.ps1 ].[ MyITProcessAPI ] module help tests.[ Get-MyITProcessMeetings ].[ Get-MyITProcessMeetings ] - Parameter has a description - [ sort_field ]" time="0.0021" asserts="0" success="True" result="Success" executed="True" />
                          <test-case description="[ Get-MyITProcessMeetings ] - Parameter has a description - [ sort_direction ]" name="Testing the [ built ] version of [ MyITProcessAPI ] with [ HelpComment.Tests.ps1 ].[ MyITProcessAPI ] module help tests.[ Get-MyITProcessMeetings ].[ Get-MyITProcessMeetings ] - Parameter has a description - [ sort_direction ]" time="0.0021" asserts="0" success="True" result="Success" executed="True" />
                          <test-case description="[ Get-MyITProcessMeetings ] - Parameter has a description - [ page ]" name="Testing the [ built ] version of [ MyITProcessAPI ] with [ HelpComment.Tests.ps1 ].[ MyITProcessAPI ] module help tests.[ Get-MyITProcessMeetings ].[ Get-MyITProcessMeetings ] - Parameter has a description - [ page ]" time="0.0069" asserts="0" success="True" result="Success" executed="True" />
                          <test-case description="[ Get-MyITProcessMeetings ] - Parameter has a description - [ pageSize ]" name="Testing the [ built ] version of [ MyITProcessAPI ] with [ HelpComment.Tests.ps1 ].[ MyITProcessAPI ] module help tests.[ Get-MyITProcessMeetings ].[ Get-MyITProcessMeetings ] - Parameter has a description - [ pageSize ]" time="0.0022" asserts="0" success="True" result="Success" executed="True" />
                          <test-case description="[ Get-MyITProcessMeetings ] - Parameter has a description - [ allPages ]" name="Testing the [ built ] version of [ MyITProcessAPI ] with [ HelpComment.Tests.ps1 ].[ MyITProcessAPI ] module help tests.[ Get-MyITProcessMeetings ].[ Get-MyITProcessMeetings ] - Parameter has a description - [ allPages ]" time="0.0022" asserts="0" success="True" result="Success" executed="True" />
                        </results>
                      </test-suite>
                      <test-suite type="ParameterizedTest" name="Testing the [ built ] version of [ MyITProcessAPI ] with [ HelpComment.Tests.ps1 ].[ MyITProcessAPI ] module help tests.[ Get-MyITProcessMeetings ].[ Get-MyITProcessMeetings ] - Example has example code &amp; description   - [ &lt;_.title -replace '-'.''&gt; ]" executed="True" result="Success" success="True" time="0.0107" asserts="0" description="[ Get-MyITProcessMeetings ] - Example has example code &amp; description   - [ &lt;_.title -replace '-'.''&gt; ]">
                        <results>
                          <test-case description="[ Get-MyITProcessMeetings ] - Example has example code &amp; description   - [  EXAMPLE 1  ]" name="Testing the [ built ] version of [ MyITProcessAPI ] with [ HelpComment.Tests.ps1 ].[ MyITProcessAPI ] module help tests.[ Get-MyITProcessMeetings ].[ Get-MyITProcessMeetings ] - Example has example code &amp; description   - [  EXAMPLE 1  ]" time="0.0026" asserts="0" success="True" result="Success" executed="True" />
                          <test-case description="[ Get-MyITProcessMeetings ] - Example has example code &amp; description   - [  EXAMPLE 2  ]" name="Testing the [ built ] version of [ MyITProcessAPI ] with [ HelpComment.Tests.ps1 ].[ MyITProcessAPI ] module help tests.[ Get-MyITProcessMeetings ].[ Get-MyITProcessMeetings ] - Example has example code &amp; description   - [  EXAMPLE 2  ]" time="0.0028" asserts="0" success="True" result="Success" executed="True" />
                          <test-case description="[ Get-MyITProcessMeetings ] - Example has example code &amp; description   - [  EXAMPLE 3  ]" name="Testing the [ built ] version of [ MyITProcessAPI ] with [ HelpComment.Tests.ps1 ].[ MyITProcessAPI ] module help tests.[ Get-MyITProcessMeetings ].[ Get-MyITProcessMeetings ] - Example has example code &amp; description   - [  EXAMPLE 3  ]" time="0.0027" asserts="0" success="True" result="Success" executed="True" />
                          <test-case description="[ Get-MyITProcessMeetings ] - Example has example code &amp; description   - [  EXAMPLE 4  ]" name="Testing the [ built ] version of [ MyITProcessAPI ] with [ HelpComment.Tests.ps1 ].[ MyITProcessAPI ] module help tests.[ Get-MyITProcessMeetings ].[ Get-MyITProcessMeetings ] - Example has example code &amp; description   - [  EXAMPLE 4  ]" time="0.0026" asserts="0" success="True" result="Success" executed="True" />
                        </results>
                      </test-suite>
                    </results>
                  </test-suite>
                </results>
              </test-suite>
              <test-suite type="TestFixture" name="Testing the [ built ] version of [ MyITProcessAPI ] with [ HelpComment.Tests.ps1 ].[ MyITProcessAPI ] module help tests" executed="True" result="Success" success="True" time="0.4871" asserts="0" description="Testing the [ built ] version of [ MyITProcessAPI ] with [ HelpComment.Tests.ps1 ].[ MyITProcessAPI ] module help tests">
                <results>
                  <test-suite type="TestFixture" name="Testing the [ built ] version of [ MyITProcessAPI ] with [ HelpComment.Tests.ps1 ].[ MyITProcessAPI ] module help tests.[ Get-MyITProcessModuleSettings ]" executed="True" result="Success" success="True" time="0.035" asserts="0" description="Testing the [ built ] version of [ MyITProcessAPI ] with [ HelpComment.Tests.ps1 ].[ MyITProcessAPI ] module help tests.[ Get-MyITProcessModuleSettings ]">
                    <results>
                      <test-case description="[ Get-MyITProcessModuleSettings ] contains comment based help" name="Testing the [ built ] version of [ MyITProcessAPI ] with [ HelpComment.Tests.ps1 ].[ MyITProcessAPI ] module help tests.[ Get-MyITProcessModuleSettings ].[ Get-MyITProcessModuleSettings ] contains comment based help" time="0.0056" asserts="0" success="True" result="Success" executed="True" />
[...]
                  <test-case description="Without parameters should return the default URI" name="Testing [ Add-MyITProcessBaseURI ] functions with [ Add-MyITProcessBaseURI.Tests.ps1 ].[ Add-MyITProcessBaseURI ] testing functions.Without parameters should return the default URI" time="0.0027" asserts="0" success="True" result="Success" executed="True" />
                  <test-case description="Should accept a value from the pipeline" name="Testing [ Add-MyITProcessBaseURI ] functions with [ Add-MyITProcessBaseURI.Tests.ps1 ].[ Add-MyITProcessBaseURI ] testing functions.Should accept a value from the pipeline" time="0.0028" asserts="0" success="True" result="Success" executed="True" />
                  <test-case description="With parameter -base_uri  should return what was inputted" name="Testing [ Add-MyITProcessBaseURI ] functions with [ Add-MyITProcessBaseURI.Tests.ps1 ].[ Add-MyITProcessBaseURI ] testing functions.With parameter -base_uri  should return what was inputted" time="0.0028" asserts="0" success="True" result="Success" executed="True" />
                  <test-case description="With parameter -data_center US should return the default URI" name="Testing [ Add-MyITProcessBaseURI ] functions with [ Add-MyITProcessBaseURI.Tests.ps1 ].[ Add-MyITProcessBaseURI ] testing functions.With parameter -data_center US should return the default URI" time="0.0025" asserts="0" success="True" result="Success" executed="True" />
                  <test-case description="With invalid parameter value -data_center Space should return an error" name="Testing [ Add-MyITProcessBaseURI ] functions with [ Add-MyITProcessBaseURI.Tests.ps1 ].[ Add-MyITProcessBaseURI ] testing functions.With invalid parameter value -data_center Space should return an error" time="0.0033" asserts="0" success="True" result="Success" executed="True" />
                  <test-case description="The default URI should NOT contain a trailing forward slash" name="Testing [ Add-MyITProcessBaseURI ] functions with [ Add-MyITProcessBaseURI.Tests.ps1 ].[ Add-MyITProcessBaseURI ] testing functions.The default URI should NOT contain a trailing forward slash" time="0.0023" asserts="0" success="True" result="Success" executed="True" />
                  <test-case description="A custom URI should NOT contain a trailing forward slash" name="Testing [ Add-MyITProcessBaseURI ] functions with [ Add-MyITProcessBaseURI.Tests.ps1 ].[ Add-MyITProcessBaseURI ] testing functions.A custom URI should NOT contain a trailing forward slash" time="0.0024" asserts="0" success="True" result="Success" executed="True" />
                </results>
              </test-suite>
            </results>
          </test-suite>
        </results>
      </test-suite>
      <test-suite type="TestFixture" name="C:\Celerium\Projects\_API\MyITProcess-PowerShellWrapper\tests\Private\baseUri\Get-MyITProcessBaseURI.Tests.ps1" executed="True" result="Success" success="True" time="0.0692" asserts="0" description="C:\Celerium\Projects\_API\MyITProcess-PowerShellWrapper\tests\Private\baseUri\Get-MyITProcessBaseURI.Tests.ps1">
        <results>
          <test-suite type="TestFixture" name="Testing [ Get-MyITProcessBaseURI ] function with [ Get-MyITProcessBaseURI.Tests.ps1 ]" executed="True" result="Success" success="True" time="0.0238" asserts="0" description="Testing [ Get-MyITProcessBaseURI ] function with [ Get-MyITProcessBaseURI.Tests.ps1 ]">
            <results>
              <test-suite type="TestFixture" name="Testing [ Get-MyITProcessBaseURI ] function with [ Get-MyITProcessBaseURI.Tests.ps1 ].[ Get-MyITProcessBaseURI ] testing function" executed="True" result="Success" success="True" time="0.0203" asserts="0" description="Testing [ Get-MyITProcessBaseURI ] function with [ Get-MyITProcessBaseURI.Tests.ps1 ].[ Get-MyITProcessBaseURI ] testing function">
                <results>
                  <test-case description="The default URI should be returned" name="Testing [ Get-MyITProcessBaseURI ] function with [ Get-MyITProcessBaseURI.Tests.ps1 ].[ Get-MyITProcessBaseURI ] testing function.The default URI should be returned" time="0.0033" asserts="0" success="True" result="Success" executed="True" />
                  <test-case description="The URI should be a string" name="Testing [ Get-MyITProcessBaseURI ] function with [ Get-MyITProcessBaseURI.Tests.ps1 ].[ Get-MyITProcessBaseURI ] testing function.The URI should be a string" time="0.0061" asserts="0" success="True" result="Success" executed="True" />
                  <test-case description="The default URI should NOT contain a trailing forward slash" name="Testing [ Get-MyITProcessBaseURI ] function with [ Get-MyITProcessBaseURI.Tests.ps1 ].[ Get-MyITProcessBaseURI ] testing function.The default URI should NOT contain a trailing forward slash" time="0.0023" asserts="0" success="True" result="Success" executed="True" />
                  <test-case description="A custom URI should NOT contain a trailing forward slash" name="Testing [ Get-MyITProcessBaseURI ] function with [ Get-MyITProcessBaseURI.Tests.ps1 ].[ Get-MyITProcessBaseURI ] testing function.A custom URI should NOT contain a trailing forward slash" time="0.0022" asserts="0" success="True" result="Success" executed="True" />
                  <test-case description="If the baseUri is not set a warning should be thrown" name="Testing [ Get-MyITProcessBaseURI ] function with [ Get-MyITProcessBaseURI.Tests.ps1 ].[ Get-MyITProcessBaseURI ] testing function.If the baseUri is not set a warning should be thrown" time="0.0024" asserts="0" success="True" result="Success" executed="True" />
                </results>
              </test-suite>
            </results>
          </test-suite>
        </results>
      </test-suite>
      <test-suite type="TestFixture" name="C:\Celerium\Projects\_API\MyITProcess-PowerShellWrapper\tests\Private\baseUri\Remove-MyITProcessBaseURI.Tests.ps1" executed="True" result="Success" success="True" time="0.0645" asserts="0" description="C:\Celerium\Projects\_API\MyITProcess-PowerShellWrapper\tests\Private\baseUri\Remove-MyITProcessBaseURI.Tests.ps1">
        <results>
          <test-suite type="TestFixture" name="Testing [ Remove-MyITProcessBaseURI ] function with [ Remove-MyITProcessBaseURI.Tests.ps1 ]" executed="True" result="Success" success="True" time="0.0131" asserts="0" description="Testing [ Remove-MyITProcessBaseURI ] function with [ Remove-MyITProcessBaseURI.Tests.ps1 ]">
            <results>
              <test-suite type="TestFixture" name="Testing [ Remove-MyITProcessBaseURI ] function with [ Remove-MyITProcessBaseURI.Tests.ps1 ].[ Remove-MyITProcessBaseURI ] testing function" executed="True" result="Success" success="True" time="0.0094" asserts="0" description="Testing [ Remove-MyITProcessBaseURI ] function with [ Remove-MyITProcessBaseURI.Tests.ps1 ].[ Remove-MyITProcessBaseURI ] testing function">
                <results>
                  <test-case description="The baseUri variable should not longer exist" name="Testing [ Remove-MyITProcessBaseURI ] function with [ Remove-MyITProcessBaseURI.Tests.ps1 ].[ Remove-MyITProcessBaseURI ] testing function.The baseUri variable should not longer exist" time="0.003" asserts="0" success="True" result="Success" executed="True" />
                  <test-case description="If the baseUri is already gone a warning should be thrown" name="Testing [ Remove-MyITProcessBaseURI ] function with [ Remove-MyITProcessBaseURI.Tests.ps1 ].[ Remove-MyITProcessBaseURI ] testing function.If the baseUri is already gone a warning should be thrown" time="0.0027" asserts="0" success="True" result="Success" executed="True" />
                </results>
              </test-suite>
            </results>
          </test-suite>
        </results>
      </test-suite>
      <test-suite type="TestFixture" name="C:\Celerium\Projects\_API\MyITProcess-PowerShellWrapper\tests\Private\moduleSettings\Export-MyITProcessModuleSettings.Tests.ps1" executed="True" result="Success" success="True" time="0.1067" asserts="0" description="C:\Celerium\Projects\_API\MyITProcess-PowerShellWrapper\tests\Private\moduleSettings\Export-MyITProcessModuleSettings.Tests.ps1">
        <results>
          <test-suite type="TestFixture" name="Testing [ Export-MyITProcessModuleSettings ] function with [ Export-MyITProcessModuleSettings.Tests.ps1 ]" executed="True" result="Success" success="True" time="0.0558" asserts="0" description="Testing [ Export-MyITProcessModuleSettings ] function with [ Export-MyITProcessModuleSettings.Tests.ps1 ]">
            <results>
              <test-suite type="TestFixture" name="Testing [ Export-MyITProcessModuleSettings ] function with [ Export-MyITProcessModuleSettings.Tests.ps1 ].[ Export-MyITProcessModuleSettings ] testing function" executed="True" result="Success" success="True" time="0.0492" asserts="0" description="Testing [ Export-MyITProcessModuleSettings ] function with [ Export-MyITProcessModuleSettings.Tests.ps1 ].[ Export-MyITProcessModuleSettings ] testing function">
                <results>
                  <test-case description="Should export successfully" name="Testing [ Export-MyITProcessModuleSettings ] function with [ Export-MyITProcessModuleSettings.Tests.ps1 ].[ Export-MyITProcessModuleSettings ] testing function.Should export successfully" time="0.0055" asserts="0" success="True" result="Success" executed="True" />
                  <test-case description="Configuration directory should be hidden" name="Testing [ Export-MyITProcessModuleSettings ] function with [ Export-MyITProcessModuleSettings.Tests.ps1 ].[ Export-MyITProcessModuleSettings ] testing function.Configuration directory should be hidden" time="0.0077" asserts="0" success="True" result="Success" executed="True" />
                  <test-case description="Configuration file should contain required values" name="Testing [ Export-MyITProcessModuleSettings ] function with [ Export-MyITProcessModuleSettings.Tests.ps1 ].[ Export-MyITProcessModuleSettings ] testing function.Configuration file should contain required values" time="0.0283" asserts="0" success="True" result="Success" executed="True" />
                </results>
              </test-suite>
            </results>
          </test-suite>
        </results>
      </test-suite>
      <test-suite type="TestFixture" name="C:\Celerium\Projects\_API\MyITProcess-PowerShellWrapper\tests\Private\moduleSettings\Get-MyITProcessModuleSettings.Tests.ps1" executed="True" result="Success" success="True" time="0.0912" asserts="0" description="C:\Celerium\Projects\_API\MyITProcess-PowerShellWrapper\tests\Private\moduleSettings\Get-MyITProcessModuleSettings.Tests.ps1">
        <results>
          <test-suite type="TestFixture" name="Testing [ Get-MyITProcessModuleSettings ] function with [ Get-MyITProcessModuleSettings.Tests.ps1 ]" executed="True" result="Success" success="True" time="0.0423" asserts="0" description="Testing [ Get-MyITProcessModuleSettings ] function with [ Get-MyITProcessModuleSettings.Tests.ps1 ]">
            <results>
              <test-suite type="TestFixture" name="Testing [ Get-MyITProcessModuleSettings ] function with [ Get-MyITProcessModuleSettings.Tests.ps1 ].[ Get-MyITProcessModuleSettings ] testing function" executed="True" result="Success" success="True" time="0.0388" asserts="0" description="Testing [ Get-MyITProcessModuleSettings ] function with [ Get-MyITProcessModuleSettings.Tests.ps1 ].[ Get-MyITProcessModuleSettings ] testing function">
                <results>
                  <test-case description="Configuration directory should be hidden" name="Testing [ Get-MyITProcessModuleSettings ] function with [ Get-MyITProcessModuleSettings.Tests.ps1 ].[ Get-MyITProcessModuleSettings ] testing function.Configuration directory should be hidden" time="0.0059" asserts="0" success="True" result="Success" executed="True" />
                  <test-case description="Configuration file should contain required values" name="Testing [ Get-MyITProcessModuleSettings ] function with [ Get-MyITProcessModuleSettings.Tests.ps1 ].[ Get-MyITProcessModuleSettings ] testing function.Configuration file should contain required values" time="0.026" asserts="0" success="True" result="Success" executed="True" />
                </results>
              </test-suite>
            </results>
          </test-suite>
        </results>
      </test-suite>
      <test-suite type="TestFixture" name="C:\Celerium\Projects\_API\MyITProcess-PowerShellWrapper\tests\Private\moduleSettings\Import-MyITProcessModuleSettings.Tests.ps1" executed="True" result="Success" success="True" time="0.1115" asserts="0" description="C:\Celerium\Projects\_API\MyITProcess-PowerShellWrapper\tests\Private\moduleSettings\Import-MyITProcessModuleSettings.Tests.ps1">
        <results>
          <test-suite type="TestFixture" name="Testing [ Import-MyITProcessModuleSettings ] function with [ Import-MyITProcessModuleSettings.Tests.ps1 ]" executed="True" result="Success" success="True" time="0.0654" asserts="0" description="Testing [ Import-MyITProcessModuleSettings ] function with [ Import-MyITProcessModuleSettings.Tests.ps1 ]">
            <results>
              <test-suite type="TestFixture" name="Testing [ Import-MyITProcessModuleSettings ] function with [ Import-MyITProcessModuleSettings.Tests.ps1 ].[ Import-MyITProcessModuleSettings ] testing function" executed="True" result="Success" success="True" time="0.062" asserts="0" description="Testing [ Import-MyITProcessModuleSettings ] function with [ Import-MyITProcessModuleSettings.Tests.ps1 ].[ Import-MyITProcessModuleSettings ] testing function">
                <results>
                  <test-case description="No configuration should populate baseline variables" name="Testing [ Import-MyITProcessModuleSettings ] function with [ Import-MyITProcessModuleSettings.Tests.ps1 ].[ Import-MyITProcessModuleSettings ] testing function.No configuration should populate baseline variables" time="0.0095" asserts="0" success="True" result="Success" executed="True" />
                  <test-case description="Saved configuration session should contain required variables" name="Testing [ Import-MyITProcessModuleSettings ] function with [ Import-MyITProcessModuleSettings.Tests.ps1 ].[ Import-MyITProcessModuleSettings ] testing function.Saved configuration session should contain required variables" time="0.0256" asserts="0" success="True" result="Success" executed="True" />
                  <test-case description="Saved configuration session should NOT contain temp variables" name="Testing [ Import-MyITProcessModuleSettings ] function with [ Import-MyITProcessModuleSettings.Tests.ps1 ].[ Import-MyITProcessModuleSettings ] testing function.Saved configuration session should NOT contain temp variables" time="0.0233" asserts="0" success="True" result="Success" executed="True" />
                </results>
              </test-suite>
            </results>
          </test-suite>
        </results>
      </test-suite>
      <test-suite type="TestFixture" name="C:\Celerium\Projects\_API\MyITProcess-PowerShellWrapper\tests\Private\moduleSettings\Initialize-MyITProcessModuleSettings.Tests.ps1" executed="True" result="Success" success="True" time="0.0931" asserts="0" description="C:\Celerium\Projects\_API\MyITProcess-PowerShellWrapper\tests\Private\moduleSettings\Initialize-MyITProcessModuleSettings.Tests.ps1">
        <results>
          <test-suite type="TestFixture" name="Testing [ Initialize-MyITProcessModuleSettings ] function with [ Initialize-MyITProcessModuleSettings.Tests.ps1 ]" executed="True" result="Success" success="True" time="0.0437" asserts="0" description="Testing [ Initialize-MyITProcessModuleSettings ] function with [ Initialize-MyITProcessModuleSettings.Tests.ps1 ]">
            <results>
              <test-suite type="TestFixture" name="Testing [ Initialize-MyITProcessModuleSettings ] function with [ Initialize-MyITProcessModuleSettings.Tests.ps1 ].[ Initialize-MyITProcessModuleSettings ] testing function" executed="True" result="Success" success="True" time="0.0403" asserts="0" description="Testing [ Initialize-MyITProcessModuleSettings ] function with [ Initialize-MyITProcessModuleSettings.Tests.ps1 ].[ Initialize-MyITProcessModuleSettings ] testing function">
                <results>
                  <test-case description="When imported WITHOUT a saved configuration baseline variables should exist" name="Testing [ Initialize-MyITProcessModuleSettings ] function with [ Initialize-MyITProcessModuleSettings.Tests.ps1 ].[ Initialize-MyITProcessModuleSettings ] testing function.When imported WITHOUT a saved configuration baseline variables should exist" time="0.011" asserts="0" success="True" result="Success" executed="True" />
                  <test-case description="When imported WITh a saved configuration baseline variables should exist" name="Testing [ Initialize-MyITProcessModuleSettings ] function with [ Initialize-MyITProcessModuleSettings.Tests.ps1 ].[ Initialize-MyITProcessModuleSettings ] testing function.When imported WITh a saved configuration baseline variables should exist" time="0.0256" asserts="0" success="True" result="Success" executed="True" />
                </results>
              </test-suite>
            </results>
          </test-suite>
        </results>
      </test-suite>
      <test-suite type="TestFixture" name="C:\Celerium\Projects\_API\MyITProcess-PowerShellWrapper\tests\Private\moduleSettings\Remove-MyITProcessModuleSettings.Tests.ps1" executed="True" result="Success" success="True" time="0.0762" asserts="0" description="C:\Celerium\Projects\_API\MyITProcess-PowerShellWrapper\tests\Private\moduleSettings\Remove-MyITProcessModuleSettings.Tests.ps1">
        <results>
          <test-suite type="TestFixture" name="Testing [ Remove-MyITProcessModuleSettings ] function with [ Remove-MyITProcessModuleSettings.Tests.ps1 ]" executed="True" result="Success" success="True" time="0.0286" asserts="0" description="Testing [ Remove-MyITProcessModuleSettings ] function with [ Remove-MyITProcessModuleSettings.Tests.ps1 ]">
            <results>
              <test-suite type="TestFixture" name="Testing [ Remove-MyITProcessModuleSettings ] function with [ Remove-MyITProcessModuleSettings.Tests.ps1 ].[ Remove-MyITProcessModuleSettings ] testing function" executed="True" result="Success" success="True" time="0.0218" asserts="0" description="Testing [ Remove-MyITProcessModuleSettings ] function with [ Remove-MyITProcessModuleSettings.Tests.ps1 ].[ Remove-MyITProcessModuleSettings ] testing function">
                <results>
                  <test-case description="No configuration should throw a warning" name="Testing [ Remove-MyITProcessModuleSettings ] function with [ Remove-MyITProcessModuleSettings.Tests.ps1 ].[ Remove-MyITProcessModuleSettings ] testing function.No configuration should throw a warning" time="0.0028" asserts="0" success="True" result="Success" executed="True" />
                  <test-case description="Saved configuration should be removed" name="Testing [ Remove-MyITProcessModuleSettings ] function with [ Remove-MyITProcessModuleSettings.Tests.ps1 ].[ Remove-MyITProcessModuleSettings ] testing function.Saved configuration should be removed" time="0.0074" asserts="0" success="True" result="Success" executed="True" />
                  <test-case description="Saved configuration &amp; variables should be removed" name="Testing [ Remove-MyITProcessModuleSettings ] function with [ Remove-MyITProcessModuleSettings.Tests.ps1 ].[ Remove-MyITProcessModuleSettings ] testing function.Saved configuration &amp; variables should be removed" time="0.0079" asserts="0" success="True" result="Success" executed="True" />
                </results>
              </test-suite>
            </results>
          </test-suite>
        </results>
      </test-suite>
    </results>
  </test-suite>
</test-results>